This file contains any messages produced by compilers while
running configure, to aid debugging if configure makes a mistake.

It was created by test configure 1.0, which was
generated by GNU Autoconf 2.68.  Invocation command line was

  $ ./configure 

## --------- ##
## Platform. ##
## --------- ##

hostname = barry-VirtualBox
uname -m = i686
uname -r = 3.8.0-39-generic
uname -s = Linux
uname -v = #57~precise1-Ubuntu SMP Tue Apr 1 20:04:51 UTC 2014

/usr/bin/uname -p = unknown
/bin/uname -X     = unknown

/bin/arch              = unknown
/usr/bin/arch -k       = unknown
/usr/convex/getsysinfo = unknown
/usr/bin/hostinfo      = unknown
/bin/machine           = unknown
/usr/bin/oslevel       = unknown
/bin/universe          = unknown

PATH: /mnt/server1/workspace/prima2-android/android/prebuilt/linux-x86/toolchain/arm-linux-androideabi-4.4.x/bin
PATH: /mnt/server1/workspace/prima2-android/android/prebuilt/linux-x86/toolchain/arm-eabi-4.4.3/bin
PATH: /home/barry/development/android-sdk-linux/platform-tools
PATH: /home/barry/bin
PATH: /usr/lib/lightdm/lightdm
PATH: /usr/local/sbin
PATH: /usr/local/bin
PATH: /usr/sbin
PATH: /usr/bin
PATH: /sbin
PATH: /bin
PATH: /usr/games


## ----------- ##
## Core tests. ##
## ----------- ##

configure:1818: checking for a BSD-compatible install
configure:1886: result: /usr/bin/install -c
configure:1897: checking whether build environment is sane
configure:1947: result: yes
configure:2088: checking for a thread-safe mkdir -p
configure:2127: result: /bin/mkdir -p
configure:2140: checking for gawk
configure:2170: result: no
configure:2140: checking for mawk
configure:2156: found /usr/bin/mawk
configure:2167: result: mawk
configure:2178: checking whether make sets $(MAKE)
configure:2200: result: yes
configure:2330: checking for gcc
configure:2346: found /usr/bin/gcc
configure:2357: result: gcc
configure:2586: checking for C compiler version
configure:2595: gcc --version >&5
gcc (Ubuntu/Linaro 4.6.3-1ubuntu5) 4.6.3
Copyright (C) 2011 Free Software Foundation, Inc.
This is free software; see the source for copying conditions.  There is NO
warranty; not even for MERCHANTABILITY or FITNESS FOR A PARTICULAR PURPOSE.

configure:2606: $? = 0
configure:2595: gcc -v >&5
Using built-in specs.
COLLECT_GCC=gcc
COLLECT_LTO_WRAPPER=/usr/lib/gcc/i686-linux-gnu/4.6/lto-wrapper
Target: i686-linux-gnu
Configured with: ../src/configure -v --with-pkgversion='Ubuntu/Linaro 4.6.3-1ubuntu5' --with-bugurl=file:///usr/share/doc/gcc-4.6/README.Bugs --enable-languages=c,c++,fortran,objc,obj-c++ --prefix=/usr --program-suffix=-4.6 --enable-shared --enable-linker-build-id --with-system-zlib --libexecdir=/usr/lib --without-included-gettext --enable-threads=posix --with-gxx-include-dir=/usr/include/c++/4.6 --libdir=/usr/lib --enable-nls --with-sysroot=/ --enable-clocale=gnu --enable-libstdcxx-debug --enable-libstdcxx-time=yes --enable-gnu-unique-object --enable-plugin --enable-objc-gc --enable-targets=all --disable-werror --with-arch-32=i686 --with-tune=generic --enable-checking=release --build=i686-linux-gnu --host=i686-linux-gnu --target=i686-linux-gnu
Thread model: posix
gcc version 4.6.3 (Ubuntu/Linaro 4.6.3-1ubuntu5) 
configure:2606: $? = 0
configure:2595: gcc -V >&5
gcc: error: unrecognized option '-V'
gcc: fatal error: no input files
compilation terminated.
configure:2606: $? = 4
configure:2595: gcc -qversion >&5
gcc: error: unrecognized option '-qversion'
gcc: fatal error: no input files
compilation terminated.
configure:2606: $? = 4
configure:2626: checking whether the C compiler works
configure:2648: gcc    conftest.c  >&5
configure:2652: $? = 0
configure:2700: result: yes
configure:2703: checking for C compiler default output file name
configure:2705: result: a.out
configure:2711: checking for suffix of executables
configure:2718: gcc -o conftest    conftest.c  >&5
configure:2722: $? = 0
configure:2744: result: 
configure:2766: checking whether we are cross compiling
configure:2774: gcc -o conftest    conftest.c  >&5
configure:2778: $? = 0
configure:2785: ./conftest
configure:2789: $? = 0
configure:2804: result: no
configure:2809: checking for suffix of object files
configure:2831: gcc -c   conftest.c >&5
configure:2835: $? = 0
configure:2856: result: o
configure:2860: checking whether we are using the GNU C compiler
configure:2879: gcc -c   conftest.c >&5
configure:2879: $? = 0
configure:2888: result: yes
configure:2897: checking whether gcc accepts -g
configure:2917: gcc -c -g  conftest.c >&5
configure:2917: $? = 0
configure:2958: result: yes
configure:2975: checking for gcc option to accept ISO C89
configure:3039: gcc  -c -g -O2  conftest.c >&5
configure:3039: $? = 0
configure:3052: result: none needed
configure:3083: checking for style of include used by make
configure:3111: result: GNU
configure:3137: checking dependency style of gcc
configure:3248: result: gcc3
configure:3407: creating ./config.status

## ---------------------- ##
## Running config.status. ##
## ---------------------- ##

This file was extended by test config.status 1.0, which was
generated by GNU Autoconf 2.68.  Invocation command line was

  CONFIG_FILES    = 
  CONFIG_HEADERS  = 
  CONFIG_LINKS    = 
  CONFIG_COMMANDS = 
  $ ./config.status 

on barry-VirtualBox

config.status:847: creating Makefile
config.status:847: creating config.h
config.status:1076: executing depfiles commands

## ---------------- ##
## Cache variables. ##
## ---------------- ##

ac_cv_c_compiler_gnu=yes
ac_cv_env_CC_set=
ac_cv_env_CC_value=
ac_cv_env_CFLAGS_set=
ac_cv_env_CFLAGS_value=
ac_cv_env_CPPFLAGS_set=
ac_cv_env_CPPFLAGS_value=
ac_cv_env_LDFLAGS_set=
ac_cv_env_LDFLAGS_value=
ac_cv_env_LIBS_set=
ac_cv_env_LIBS_value=
ac_cv_env_build_alias_set=
ac_cv_env_build_alias_value=
ac_cv_env_host_alias_set=
ac_cv_env_host_alias_value=
ac_cv_env_target_alias_set=
ac_cv_env_target_alias_value=
ac_cv_objext=o
ac_cv_path_install='/usr/bin/install -c'
ac_cv_path_mkdir=/bin/mkdir
ac_cv_prog_AWK=mawk
ac_cv_prog_ac_ct_CC=gcc
ac_cv_prog_cc_c89=
ac_cv_prog_cc_g=yes
ac_cv_prog_make_make_set=yes
am_cv_CC_dependencies_compiler_type=gcc3

## ----------------- ##
## Output variables. ##
## ----------------- ##

ACLOCAL='${SHELL} /home/barry/training/autoconf-automake/project-simple/missing --run aclocal-1.11'
AMDEPBACKSLASH='\'
AMDEP_FALSE='#'
AMDEP_TRUE=''
AMTAR='$${TAR-tar}'
AUTOCONF='${SHELL} /home/barry/training/autoconf-automake/project-simple/missing --run autoconf'
AUTOHEADER='${SHELL} /home/barry/training/autoconf-automake/project-simple/missing --run autoheader'
AUTOMAKE='${SHELL} /home/barry/training/autoconf-automake/project-simple/missing --run automake-1.11'
AWK='mawk'
CC='gcc'
CCDEPMODE='depmode=gcc3'
CFLAGS='-g -O2'
CPPFLAGS=''
CYGPATH_W='echo'
DEFS='-DHAVE_CONFIG_H'
DEPDIR='.deps'
ECHO_C=''
ECHO_N='-n'
ECHO_T=''
EXEEXT=''
INSTALL_DATA='${INSTALL} -m 644'
INSTALL_PROGRAM='${INSTALL}'
INSTALL_SCRIPT='${INSTALL}'
INSTALL_STRIP_PROGRAM='$(install_sh) -c -s'
LDFLAGS=''
LIBOBJS=''
LIBS=''
LTLIBOBJS=''
MAKEINFO='${SHELL} /home/barry/training/autoconf-automake/project-simple/missing --run makeinfo'
MKDIR_P='/bin/mkdir -p'
OBJEXT='o'
PACKAGE='test'
PACKAGE_BUGREPORT='21cnbao@gmail.com'
PACKAGE_NAME='test'
PACKAGE_STRING='test 1.0'
PACKAGE_TARNAME='test'
PACKAGE_URL=''
PACKAGE_VERSION='1.0'
PATH_SEPARATOR=':'
SET_MAKE=''
SHELL='/bin/bash'
STRIP=''
VERSION='1.0'
ac_ct_CC='gcc'
am__EXEEXT_FALSE=''
am__EXEEXT_TRUE='#'
am__fastdepCC_FALSE='#'
am__fastdepCC_TRUE=''
am__include='include'
am__isrc=''
am__leading_dot='.'
am__nodep='_no'
am__quote=''
am__tar='$${TAR-tar} chof - "$$tardir"'
am__untar='$${TAR-tar} xf -'
bindir='${exec_prefix}/bin'
build_alias=''
datadir='${datarootdir}'
datarootdir='${prefix}/share'
docdir='${datarootdir}/doc/${PACKAGE_TARNAME}'
dvidir='${docdir}'
exec_prefix='${prefix}'
host_alias=''
htmldir='${docdir}'
includedir='${prefix}/include'
infodir='${datarootdir}/info'
install_sh='${SHELL} /home/barry/training/autoconf-automake/project-simple/install-sh'
libdir='${exec_prefix}/lib'
libexecdir='${exec_prefix}/libexec'
localedir='${datarootdir}/locale'
localstatedir='${prefix}/var'
mandir='${datarootdir}/man'
mkdir_p='/bin/mkdir -p'
oldincludedir='/usr/include'
pdfdir='${docdir}'
prefix='/usr/local'
program_transform_name='s,x,x,'
psdir='${docdir}'
sbindir='${exec_prefix}/sbin'
sharedstatedir='${prefix}/com'
sysconfdir='${prefix}/etc'
target_alias=''

## ----------- ##
## confdefs.h. ##
## ----------- ##

/* confdefs.h */
#define PACKAGE_NAME "test"
#define PACKAGE_TARNAME "test"
#define PACKAGE_VERSION "1.0"
#define PACKAGE_STRING "test 1.0"
#define PACKAGE_BUGREPORT "21cnbao@gmail.com"
#define PACKAGE_URL ""
#define PACKAGE "test"
#define VERSION "1.0"

configure: exit 0
